<?xml version="1.0" encoding="UTF-8"?>
<robot generator="Robot 4.1.2 (Python 3.10.6 on win32)" generated="20220814 20:34:12.105" rpa="false" schemaversion="2">
<suite id="s1" name="testeRenata" source="C:\Users\Major\Desktop\Renata - Desenvolvimento Full Stack\estudos em python\Teste Automatizado\testeRenata.robot">
<test id="s1-t1" name="Processo de compra da loja Sauce Demo">
<kw name="Abrir o site" library="testeRenata">
<kw name="Open Browser" library="SeleniumLibrary">
<arg>${SITE}</arg>
<arg>${NAVEGADOR}</arg>
<doc>Opens a new browser instance to the optional ``url``.</doc>
<msg timestamp="20220814 20:34:12.423" level="INFO">Opening browser 'Chrome' to base url 'https://www.saucedemo.com'.</msg>
<status status="PASS" starttime="20220814 20:34:12.422" endtime="20220814 20:34:14.512"/>
</kw>
<kw name="Maximize Browser Window" library="SeleniumLibrary">
<doc>Maximizes current browser window.</doc>
<status status="PASS" starttime="20220814 20:34:14.513" endtime="20220814 20:34:14.694"/>
</kw>
<kw name="Set Selenium Speed" library="SeleniumLibrary">
<arg>0.80</arg>
<doc>Sets the delay that is waited after each Selenium command.</doc>
<status status="PASS" starttime="20220814 20:34:14.695" endtime="20220814 20:34:14.696"/>
</kw>
<status status="PASS" starttime="20220814 20:34:12.421" endtime="20220814 20:34:14.696"/>
</kw>
<kw name="Realizar o login" library="testeRenata">
<kw name="Input Text" library="SeleniumLibrary">
<arg>${CAMPO_LOGIN}</arg>
<arg>${LOGIN}</arg>
<doc>Types the given ``text`` into the text field identified by ``locator``.</doc>
<msg timestamp="20220814 20:34:14.699" level="INFO">Typing text 'standard_user' into text field 'css=#user-name'.</msg>
<status status="PASS" starttime="20220814 20:34:14.698" endtime="20220814 20:34:17.291"/>
</kw>
<kw name="Input Text" library="SeleniumLibrary">
<arg>${CAMPO_SENHA}</arg>
<arg>${SENHA}</arg>
<doc>Types the given ``text`` into the text field identified by ``locator``.</doc>
<msg timestamp="20220814 20:34:17.292" level="INFO">Typing text 'secret_sauce' into text field 'id=password'.</msg>
<status status="PASS" starttime="20220814 20:34:17.291" endtime="20220814 20:34:19.869"/>
</kw>
<kw name="Click Element" library="SeleniumLibrary">
<arg>${BTN_LOGIN}</arg>
<doc>Click the element identified by ``locator``.</doc>
<msg timestamp="20220814 20:34:19.869" level="INFO">Clicking element 'xpath=//*[@id="login-button"]'.</msg>
<status status="PASS" starttime="20220814 20:34:19.869" endtime="20220814 20:34:21.649"/>
</kw>
<status status="PASS" starttime="20220814 20:34:14.697" endtime="20220814 20:34:21.649"/>
</kw>
<kw name="Ordenar os produtos pelo valor menor para maior" library="testeRenata">
<kw name="Click Element" library="SeleniumLibrary">
<arg>${BTN_FILTRO}</arg>
<doc>Click the element identified by ``locator``.</doc>
<msg timestamp="20220814 20:34:21.651" level="INFO">Clicking element 'xpath=//*[@id="header_container"]/div[2]/div[2]/span/select'.</msg>
<status status="PASS" starttime="20220814 20:34:21.649" endtime="20220814 20:34:23.351"/>
</kw>
<kw name="Click Element" library="SeleniumLibrary">
<arg>${OPCAO_FILTRO}</arg>
<doc>Click the element identified by ``locator``.</doc>
<msg timestamp="20220814 20:34:23.351" level="INFO">Clicking element 'xpath=//*[@id="header_container"]/div[2]/div[2]/span/select/option[3]'.</msg>
<status status="PASS" starttime="20220814 20:34:23.351" endtime="20220814 20:34:25.034"/>
</kw>
<status status="PASS" starttime="20220814 20:34:21.649" endtime="20220814 20:34:25.034"/>
</kw>
<kw name="Adicionar ao carrinho os produtos Sauce Labs Onesie e Test.allTheThings() T-Shirt (Red)" library="testeRenata">
<kw name="Click Element" library="SeleniumLibrary">
<arg>${BTN_PRODUTO1}</arg>
<doc>Click the element identified by ``locator``.</doc>
<msg timestamp="20220814 20:34:25.036" level="INFO">Clicking element 'xpath=//*[@id="add-to-cart-sauce-labs-onesie"]'.</msg>
<status status="PASS" starttime="20220814 20:34:25.034" endtime="20220814 20:34:26.700"/>
</kw>
<kw name="Click Element" library="SeleniumLibrary">
<arg>${BTN_PRODUTO2}</arg>
<doc>Click the element identified by ``locator``.</doc>
<msg timestamp="20220814 20:34:26.700" level="INFO">Clicking element 'xpath=//*[@id="add-to-cart-test.allthethings()-t-shirt-(red)"]'.</msg>
<status status="PASS" starttime="20220814 20:34:26.700" endtime="20220814 20:34:28.351"/>
</kw>
<status status="PASS" starttime="20220814 20:34:25.034" endtime="20220814 20:34:28.351"/>
</kw>
<kw name="Abrir o carrinho e fazer checkout" library="testeRenata">
<kw name="Click Element" library="SeleniumLibrary">
<arg>${BTN_CARRINHO}</arg>
<doc>Click the element identified by ``locator``.</doc>
<msg timestamp="20220814 20:34:28.353" level="INFO">Clicking element 'xpath=//*[@id="shopping_cart_container"]/a'.</msg>
<status status="PASS" starttime="20220814 20:34:28.351" endtime="20220814 20:34:30.129"/>
</kw>
<kw name="Click Element" library="SeleniumLibrary">
<arg>${BTN_CHECKOUT}</arg>
<doc>Click the element identified by ``locator``.</doc>
<msg timestamp="20220814 20:34:30.129" level="INFO">Clicking element 'id=checkout'.</msg>
<status status="PASS" starttime="20220814 20:34:30.129" endtime="20220814 20:34:31.818"/>
</kw>
<status status="PASS" starttime="20220814 20:34:28.351" endtime="20220814 20:34:31.819"/>
</kw>
<kw name="Preencher os dados do cliente" library="testeRenata">
<kw name="Input Text" library="SeleniumLibrary">
<arg>${CAMPO_NOME}</arg>
<arg>${NOME}</arg>
<doc>Types the given ``text`` into the text field identified by ``locator``.</doc>
<msg timestamp="20220814 20:34:31.820" level="INFO">Typing text 'Renata' into text field 'id=first-name'.</msg>
<status status="PASS" starttime="20220814 20:34:31.819" endtime="20220814 20:34:34.377"/>
</kw>
<kw name="Input Text" library="SeleniumLibrary">
<arg>${CAMPO_SOBRENOME}</arg>
<arg>${SOBRENOME}</arg>
<doc>Types the given ``text`` into the text field identified by ``locator``.</doc>
<msg timestamp="20220814 20:34:34.377" level="INFO">Typing text 'Rabelo' into text field 'id=last-name'.</msg>
<status status="PASS" starttime="20220814 20:34:34.377" endtime="20220814 20:34:36.954"/>
</kw>
<kw name="Input Text" library="SeleniumLibrary">
<arg>${CAMPO_CEP}</arg>
<arg>${CEP}</arg>
<doc>Types the given ``text`` into the text field identified by ``locator``.</doc>
<msg timestamp="20220814 20:34:36.954" level="INFO">Typing text '12325' into text field 'id=postal-code'.</msg>
<status status="PASS" starttime="20220814 20:34:36.954" endtime="20220814 20:34:39.479"/>
</kw>
<kw name="Click Element" library="SeleniumLibrary">
<arg>${BTN_CONTINUE}</arg>
<doc>Click the element identified by ``locator``.</doc>
<msg timestamp="20220814 20:34:39.479" level="INFO">Clicking element 'id=continue'.</msg>
<status status="PASS" starttime="20220814 20:34:39.479" endtime="20220814 20:34:41.167"/>
</kw>
<status status="PASS" starttime="20220814 20:34:31.819" endtime="20220814 20:34:41.167"/>
</kw>
<kw name="Confirmar o valor total do carrinho e finalizar compra" library="testeRenata">
<kw name="Element Should Contain" library="SeleniumLibrary">
<arg>${CONFIRMA_VALOR}</arg>
<arg>${CONFIRMA_TEXTO}</arg>
<doc>Verifies that element ``locator`` contains text ``expected``.</doc>
<msg timestamp="20220814 20:34:42.785" level="INFO">Element 'xpath=//*[@id="checkout_summary_container"]/div/div[2]/div[7]' contains text '25.90'.</msg>
<status status="PASS" starttime="20220814 20:34:41.167" endtime="20220814 20:34:42.785"/>
</kw>
<kw name="Scroll Element Into View" library="SeleniumLibrary">
<arg>${BTN_FINISH}</arg>
<doc>Scrolls the element identified by ``locator`` into view.</doc>
<status status="PASS" starttime="20220814 20:34:42.785" endtime="20220814 20:34:44.684"/>
</kw>
<kw name="Click Element" library="SeleniumLibrary">
<arg>${BTN_FINISH}</arg>
<doc>Click the element identified by ``locator``.</doc>
<msg timestamp="20220814 20:34:44.685" level="INFO">Clicking element 'xpath=//*[@id="finish"]'.</msg>
<status status="PASS" starttime="20220814 20:34:44.685" endtime="20220814 20:34:46.401"/>
</kw>
<status status="PASS" starttime="20220814 20:34:41.167" endtime="20220814 20:34:46.401"/>
</kw>
<kw name="Confirmar a compra na tela" library="testeRenata">
<kw name="Page Should Contain" library="SeleniumLibrary">
<arg>${MSG_OK}</arg>
<doc>Verifies that current page contains ``text``.</doc>
<msg timestamp="20220814 20:34:48.036" level="INFO">Current page contains text 'THANK YOU FOR YOUR ORDER'.</msg>
<status status="PASS" starttime="20220814 20:34:46.401" endtime="20220814 20:34:48.036"/>
</kw>
<status status="PASS" starttime="20220814 20:34:46.401" endtime="20220814 20:34:48.036"/>
</kw>
<kw name="Close Browser" library="SeleniumLibrary" type="TEARDOWN">
<doc>Closes the current browser.</doc>
<status status="PASS" starttime="20220814 20:34:48.038" endtime="20220814 20:34:51.144"/>
</kw>
<status status="PASS" starttime="20220814 20:34:12.415" endtime="20220814 20:34:51.144"/>
</test>
<status status="PASS" starttime="20220814 20:34:12.107" endtime="20220814 20:34:51.147"/>
</suite>
<statistics>
<total>
<stat pass="1" fail="0" skip="0">All Tests</stat>
</total>
<tag>
</tag>
<suite>
<stat pass="1" fail="0" skip="0" id="s1" name="testeRenata">testeRenata</stat>
</suite>
</statistics>
<errors>
</errors>
</robot>
